<?xml version="1.0" encoding="UTF-8"?>
<!-- Generated by org.testng.reporters.JUnitReportReporter -->
<testsuite hostname="DESKTOP-MSLG36N" failures="0" tests="1" name="com.solvd.carina.demo.HelloWorld" time="0.036" errors="0" timestamp="2025-03-11T00:51:50 CET" skipped="0">
  <testcase classname="com.solvd.carina.demo.HelloWorld" name="helloWorld" time="0.036"/>
  <system-out/>
</testsuite> <!-- com.solvd.carina.demo.HelloWorld -->
